<?xml version="1.0" encoding="UTF-8" ?>
<testsuite errors="0" failures="0" hostname="cjn-PC" name="andycpp.CalculatorTest" tests="2" time="0.038" timestamp="2019-02-22T09:48:26">
  <properties>
[...]
</properties>
  <testcase classname="andycpp.CalculatorTest" name="testAdd" time="0.0010" />
  <testcase classname="andycpp.CalculatorTest" name="testMultiply" time="0.0" />
  <system-out><![CDATA[跑此测试类所有方法前调用......
每个测试方法执行之前都会被调用......
testAdd  running ......
每个测试方法执行之后都会被调用......
每个测试方法执行之前都会被调用......
testMultiply  running ......
每个测试方法执行之后都会被调用......
跑此测试类所有方法之后调用......
]]></system-out>
  <system-err><![CDATA[]]></system-err>
</testsuite>
